20190220000001, 1009.67, 17.54, 50.06,  25.2
20190220001002, 1009.46, 17.47, 51.04,  24.5
20190220002002, 1009.33, 17.32, 51.12,  24.4
20190220003002, 1009.19, 17.05, 51.44,  23.7
20190220004002, 1009.28, 16.68, 51.81,  23.2
20190220005001, 1008.91, 16.39, 52.13,  23.2
20190220010002, 1008.91, 16.11, 52.40,  22.7
20190220011002, 1008.78, 15.88, 52.71,  21.7
20190220012002, 1008.69, 15.58, 53.02,  21.7
20190220013002, 1008.85, 15.33, 53.48,  21.6
20190220014002, 1008.68, 15.10, 53.89,  21.4
20190220015002, 1008.67, 14.88, 54.18,  20.4
20190220020002, 1008.84, 14.70, 54.47,  20.6
20190220021002, 1009.01, 14.54, 54.64,  20.4
20190220022002, 1008.75, 14.38, 54.88,  20.2
20190220023002, 1008.75, 14.21, 55.07,  19.7
20190220024002, 1008.76, 14.05, 55.37,  19.2
20190220025001, 1008.66, 13.90, 55.49,  19.4
20190220030002, 1008.83, 13.75, 55.67,  19.1
20190220031002, 1008.67, 13.59, 55.86,  19.1
20190220032002, 1008.52, 13.48, 56.08,  19.1
20190220033002, 1008.53, 13.31, 56.60,  19.1
20190220034001, 1008.41, 13.21, 56.49,  18.6
20190220035002, 1008.38, 13.11, 56.69,  18.2
20190220040002, 1008.39, 13.01, 56.78,  18.4
20190220041002, 1008.48, 12.94, 56.65,  18.1
20190220042002, 1008.58, 12.84, 56.89,  18.1
20190220043002, 1008.62, 12.74, 56.97,  17.7
20190220044002, 1008.60, 12.67, 57.18,  17.7
20190220045002, 1008.56, 12.57, 57.40,  17.4
20190220050002, 1008.64, 12.47, 57.65,  17.4
20190220051002, 1008.90, 12.41, 57.69,  17.4
20190220052002, 1009.03, 12.32, 57.89,  17.1
20190220053002, 1009.19, 12.26, 57.73,  17.2
20190220054002, 1009.47, 12.19, 58.04,  17.2
20190220055002, 1009.46, 12.13, 58.28,  17.2
20190220060002, 1009.81, 12.08, 58.47,  17.2
20190220061002, 1009.57, 12.09, 58.35,  17.1
20190220062002, 1009.66, 12.06, 58.52,  16.6
20190220063002, 1009.89, 12.07, 58.48,  16.6
20190220064002, 1010.07, 12.05, 58.78,  16.9
20190220065002, 1010.20, 12.09, 59.28,  16.6
20190220070002, 1010.22, 12.17, 59.34,  16.7
20190220071002, 1010.49, 12.33, 59.59,  16.6
20190220072002, 1010.70, 13.05, 59.46,  15.4
20190220073002, 1010.60, 12.78, 62.83,  16.9
20190220074002, 1010.78, 12.74, 63.45,  16.1
20190220075001, 1010.87, 12.94, 63.23,  16.3
20190220080002, 1010.81, 13.29, 62.44,  15.9
20190220081002, 1010.70, 13.69, 61.38,  16.1
20190220082002, 1010.90, 14.07, 60.88,  16.3
20190220083002, 1011.01, 14.41, 60.61,  16.4
20190220084002, 1010.95, 14.77, 60.41,  16.6
20190220085002, 1010.96, 15.08, 59.58,  16.3
20190220090002, 1010.95, 15.32, 59.02,  75.5
20190220091002, 1010.84, 15.63, 59.36,  71.0
20190220092002, 1011.10, 15.93, 58.88,  69.2
20190220093002, 1011.20, 16.22, 57.25,  67.8
20190220094002, 1011.16, 16.68, 55.91,  67.3
20190220095002, 1011.39, 17.25, 54.72,  66.8
20190220100001, 1011.33, 17.81, 51.97,  66.5
20190220101002, 1011.51, 18.29, 50.30,  66.2
20190220102002, 1011.39, 18.95, 48.55,  65.8
20190220103002, 1011.44, 19.31, 47.67,  65.2
20190220104002, 1011.27, 19.65, 46.65,  64.8
20190220105002, 1011.14, 19.72, 46.53,  64.5
20190220110002, 1011.03, 19.57, 47.29,  64.0
20190220111002, 1011.23, 19.64, 47.07,  63.3
20190220112002, 1011.22, 19.41, 47.12,  62.7
20190220113002, 1011.16, 19.21, 47.45,  62.0
20190220114002, 1011.25, 19.45, 46.39,  61.2
20190220115001, 1011.24, 19.57, 45.75,  60.7
20190220120002, 1011.26, 20.29, 43.72,  59.9
20190220121002, 1011.28, 19.75, 44.53,  59.5
20190220122002, 1011.05, 19.96, 43.97,  58.4
20190220123002, 1010.94, 19.83, 44.02,  57.5
20190220124002, 1010.76, 19.88, 43.69,  56.7
20190220125002, 1010.69, 20.09, 43.19,  56.2
20190220130001, 1010.70, 20.33, 42.64,  55.6
20190220131002, 1010.97, 20.15, 42.78,  54.6
20190220132002, 1010.81, 20.64, 41.73,  53.9
20190220133002, 1010.99, 20.32, 42.01,  53.4
20190220134002, 1010.97, 20.28, 42.04,  52.7
20190220135002, 1011.15, 19.62, 43.34,  51.7
20190220140002, 1011.37, 18.94, 44.68,  51.1
20190220141002, 1011.52, 18.33, 46.24,  50.2
20190220142002, 1011.73, 17.83, 47.13,  49.3
20190220143002, 1011.72, 17.37, 47.95,  48.8
20190220144002, 1012.10, 16.81, 49.03,  47.9
20190220145001, 1012.14, 16.17, 50.48,  47.4
20190220150002, 1011.82, 15.87, 51.36,  46.8
20190220151002, 1011.88, 15.49, 52.27,  46.4
20190220152002, 1012.06, 15.19, 53.06,  45.8
20190220153002, 1012.30, 14.90, 53.81,  45.1
20190220154002, 1012.46, 14.70, 54.46,  44.8
20190220155002, 1012.52, 14.58, 54.76,  44.4
20190220160002, 1012.53, 14.45, 55.07,  43.9
20190220161002, 1012.49, 14.30, 55.21,  43.6
20190220162002, 1012.38, 14.05, 55.89,  43.4
20190220163002, 1012.55, 13.81, 56.56,  42.5
20190220164002, 1012.47, 13.58, 57.20,  42.3
20190220165002, 1012.72, 13.42, 57.78,  42.0
20190220170001, 1012.66, 13.28, 58.02,  41.8
20190220171002, 1012.96, 13.11, 58.47,  41.6
20190220172001, 1013.13, 12.99, 58.83,  41.5
20190220173002, 1012.99, 12.82, 59.39,  40.8
20190220174001, 1012.81, 12.73, 59.77,  40.5
20190220175002, 1012.72, 12.62, 60.08,  40.0
20190220180001, 1012.92, 12.52, 60.61,  39.8
20190220181002, 1012.95, 12.41, 60.99,  39.8
20190220182002, 1013.00, 12.35, 61.17,  39.5
20190220183002, 1013.07, 12.25, 61.50,  39.5
20190220184002, 1013.14, 12.14, 62.01,  38.6
20190220185002, 1013.34, 12.05, 62.44,  38.6
20190220190002, 1013.29, 12.00, 62.52,  38.5
20190220191002, 1013.34, 11.92, 62.84,  38.5
20190220192002, 1013.22, 11.85, 63.12,  37.8
20190220193002, 1013.33, 11.80, 63.12,  38.1
20190220194002, 1013.37, 11.77, 63.37,  37.6
20190220195002, 1013.35, 12.34, 69.49,  37.8
20190220200002, 1013.41, 13.91, 68.84,  38.5
20190220201002, 1013.37, 16.74, 65.59,  38.3
20190220202002, 1013.18, 18.09, 62.84,  39.1
20190220203002, 1013.43, 18.82, 60.16,  40.3
20190220204002, 1013.74, 19.35, 59.35,  40.8
20190220205002, 1013.24, 19.81, 57.90,  41.3
20190220210002, 1013.08, 20.17, 56.12,  41.8
20190220211002, 1013.00, 20.51, 56.86,  42.1
20190220212002, 1013.04, 20.80, 55.19,  42.1
20190220213002, 1013.12, 20.85, 50.40,  42.3
20190220214002, 1013.27, 21.11, 62.74,  42.5
20190220215002, 1012.93, 19.91, 63.29,  42.6
20190220220002, 1012.89, 20.83, 69.34,  42.5
20190220221002, 1013.39, 21.34, 68.30,  42.5
20190220222002, 1013.76, 21.72, 67.80,  43.1
20190220223002, 1013.52, 22.01, 67.85,  43.4
20190220224002, 1013.41, 22.26, 67.20,  43.6
20190220225002, 1013.23, 22.47, 66.90,  43.8
20190220230002, 1013.21, 22.68, 66.27,  44.1
20190220231002, 1013.35, 22.86, 66.50,  44.4
20190220232002, 1013.42, 23.01, 65.71,  44.9
20190220233002, 1013.50, 23.10, 65.57,  44.4
20190220234002, 1013.84, 23.16, 65.03,  44.8
20190220235002, 1013.72, 21.42, 50.47,  44.4
