20190125000002, 1015.86, 12.30, 43.44,  20.9
20190125001001, 1015.72, 11.86, 43.64,  20.1
20190125002002, 1015.74, 11.45, 44.07,  19.1
20190125003002, 1015.76, 11.05, 44.64,  18.6
20190125004002, 1015.82, 10.65, 44.81,  17.2
20190125005002, 1015.71, 10.31, 45.12,  17.2
20190125010002, 1016.13, 10.04, 45.07,  17.6
20190125011002, 1016.20,  9.67, 45.59,  16.4
20190125012002, 1016.19,  9.40, 45.95,  17.1
20190125013002, 1016.31,  9.14, 46.13,  16.1
20190125014001, 1016.34,  8.85, 46.57,  15.4
20190125015002, 1016.41,  8.65, 46.41,  15.4
20190125020002, 1016.67,  8.41, 46.69,  15.6
20190125021002, 1016.59,  8.19, 47.28,  15.1
20190125022002, 1016.56,  7.99, 47.15,  14.6
20190125023002, 1016.75,  7.82, 47.24,  13.8
20190125024002, 1016.76,  7.58, 47.60,  13.8
20190125025002, 1016.92,  7.43, 47.75,  13.8
20190125030002, 1016.95,  7.24, 47.85,  12.8
20190125031002, 1016.92,  7.08, 47.95,  13.1
20190125032002, 1016.88,  6.96, 48.04,  12.9
20190125033002, 1017.01,  6.79, 48.24,  13.6
20190125034002, 1016.92,  6.67, 48.31,  12.6
20190125035002, 1017.00,  6.57, 48.35,  13.1
20190125040002, 1016.96,  6.46, 48.52,  12.6
20190125041002, 1017.04,  6.32, 48.62,  11.8
20190125042001, 1017.01,  6.21, 48.78,  11.8
20190125043002, 1017.03,  6.12, 48.82,  11.3
20190125044001, 1017.04,  6.05, 48.84,  11.8
20190125045002, 1017.17,  6.02, 48.79,  11.6
20190125050002, 1017.36,  5.96, 48.92,  11.8
20190125051002, 1017.33,  5.91, 49.04,  11.4
20190125052002, 1017.34,  5.86, 48.97,  11.1
20190125053001, 1017.27,  5.82, 49.10,  10.4
20190125054002, 1017.32,  5.73, 49.18,  11.1
20190125055002, 1017.41,  5.68, 49.23,  11.6
20190125060002, 1017.59,  5.63, 49.25,  10.9
20190125061002, 1017.65,  5.57, 49.10,  11.1
20190125062001, 1017.76,  5.53, 49.21,  10.4
20190125063002, 1017.87,  5.45, 49.17,  10.8
20190125064002, 1017.90,  5.40, 49.39,  10.1
20190125065002, 1017.74,  5.34, 49.33,  10.6
20190125070002, 1017.72,  5.34, 49.30,  10.4
20190125071002, 1017.67,  5.30, 49.57,  10.0
20190125072002, 1017.65,  5.38, 52.13,  10.6
20190125073001, 1017.50,  7.08, 62.30,  10.4
20190125074002, 1017.48,  8.86, 61.49,  11.1
20190125075002, 1017.50,  9.44, 54.53,  11.1
20190125080002, 1017.61, 10.06, 49.89,  11.4
20190125081002, 1017.58, 10.33, 47.15,  11.8
20190125082002, 1017.44, 10.77, 45.05,  11.6
20190125083002, 1017.54, 11.13, 43.58,  11.3
20190125084002, 1017.47, 11.40, 42.73,  11.1
20190125085002, 1017.43, 11.28, 42.51,  11.3
20190125090001, 1017.53, 11.25, 42.05,  11.8
20190125091002, 1017.50, 10.88, 42.18,  11.3
20190125092001, 1017.40, 10.88, 41.93,  11.8
20190125093002, 1017.50, 10.43, 42.14,  13.1
20190125094001, 1017.51, 10.12, 42.56,  11.3
20190125095002, 1017.52,  9.89, 42.34,  11.1
20190125100002, 1017.56,  9.74, 42.61,  11.3
20190125101002, 1017.50,  9.55, 42.73,  10.8
20190125102002, 1017.37,  9.54, 42.65,  10.8
20190125103002, 1017.24,  9.54, 42.62,  10.4
20190125104002, 1017.15,  9.62, 42.34,  10.6
20190125105002, 1017.04,  9.59, 42.54,  10.6
20190125110002, 1016.77,  9.36, 42.89,  10.6
20190125111002, 1016.55,  9.23, 43.33,  10.6
20190125112002, 1016.52,  9.07, 43.10,  10.4
20190125113002, 1016.25,  8.94, 43.50,  11.1
20190125114002, 1016.14,  8.80, 43.65,  10.6
20190125115002, 1015.89,  8.65, 43.87,  10.8
20190125120002, 1015.73,  8.56, 44.03,  10.6
20190125121002, 1015.46,  8.48, 44.27,  10.6
20190125122002, 1015.46,  8.37, 44.45,  10.0
20190125123001, 1015.21,  8.25, 44.70,  10.4
20190125124002, 1015.03,  8.21, 44.77,  10.3
20190125125002, 1014.94,  8.22, 44.85,  10.0
20190125130002, 1014.75,  8.20, 44.97,   9.6
20190125131002, 1014.56,  8.12, 45.24,   9.5
20190125132002, 1014.50,  8.09, 45.16,   9.8
20190125133002, 1014.37,  8.06, 45.19,   9.5
20190125134002, 1014.40,  8.00, 45.16,   9.5
20190125135002, 1014.27,  7.98, 45.18,   9.6
20190125140002, 1014.30,  7.93, 45.34,   9.0
20190125141002, 1014.19,  7.86, 45.21,   9.5
20190125142002, 1014.13,  7.84, 45.21,  10.0
20190125143002, 1014.17,  7.83, 45.28,   9.3
20190125144002, 1014.23,  7.82, 45.37,   9.3
20190125145002, 1014.13,  7.81, 45.51,   9.3
20190125150002, 1014.13,  7.78, 45.52,   9.0
20190125151002, 1014.10,  7.77, 45.49,   8.6
20190125152002, 1014.04,  7.73, 45.55,   8.8
20190125153002, 1014.06,  7.71, 45.48,   9.0
20190125154002, 1014.15,  7.67, 45.47,   9.3
20190125155002, 1014.15,  7.64, 45.39,   8.5
20190125160002, 1014.06,  7.59, 45.32,   8.6
20190125161002, 1013.92,  7.54, 45.31,   9.0
20190125162002, 1013.92,  7.48, 45.30,   8.6
20190125163002, 1014.03,  7.43, 45.15,   9.1
20190125164002, 1014.00,  7.40, 45.23,   8.5
20190125165002, 1013.92,  7.33, 45.29,   9.1
20190125170002, 1013.88,  7.26, 45.31,   8.6
20190125171002, 1013.88,  7.20, 45.37,   9.0
20190125172002, 1014.05,  7.16, 45.45,   9.0
20190125173002, 1014.06,  7.07, 45.57,   8.3
20190125174002, 1014.24,  7.03, 45.68,   9.0
20190125175002, 1014.37,  6.98, 45.84,   8.5
20190125180001, 1014.28,  6.90, 45.95,   9.1
20190125181002, 1014.48,  6.86, 46.03,   8.5
20190125182001, 1014.48,  6.80, 46.16,   8.5
20190125183002, 1014.49,  6.71, 46.24,   8.0
20190125184001, 1014.39,  6.66, 46.32,   8.5
20190125185002, 1014.14,  6.63, 46.35,   7.8
20190125190001, 1014.04,  7.58, 54.82,   8.0
20190125191002, 1013.96, 10.47, 62.88,   8.5
20190125192001, 1013.89, 12.93, 61.50,  10.0
20190125193002, 1013.80, 15.54, 60.40,  10.8
20190125194002, 1013.67, 17.94, 56.18,  11.9
20190125195002, 1013.47, 19.43, 53.08,  13.1
20190125200002, 1013.22, 20.33, 49.54,  13.3
20190125201002, 1013.28, 20.71, 47.68,  14.4
20190125202002, 1013.10, 20.78, 47.39,  14.3
20190125203002, 1013.11, 20.75, 47.53,  32.3
20190125204002, 1012.95, 20.61, 46.85,  41.0
20190125205001, 1012.85, 20.36, 45.76,  43.3
20190125210002, 1012.64, 20.18, 47.32,  41.5
20190125211002, 1012.56, 19.99, 44.41,  42.3
20190125212002, 1012.48, 19.80, 48.81,  42.1
20190125213001, 1012.32, 19.71, 44.93,  43.0
20190125214002, 1012.15, 19.62, 46.62,  42.3
20190125215002, 1011.85, 19.52, 46.55,  41.3
20190125220002, 1011.77, 19.43, 45.61,  41.6
20190125221002, 1011.79, 19.38, 46.87,  41.0
20190125222002, 1011.62, 19.29, 45.78,  41.0
20190125223002, 1011.44, 19.27, 44.12,  41.8
20190125224002, 1011.36, 19.25, 45.70,  41.3
20190125225002, 1011.24, 19.24, 45.34,  40.0
20190125230002, 1011.04, 19.20, 46.10,  39.8
20190125231002, 1010.94, 19.22, 46.71,  40.3
20190125232002, 1010.81, 19.18, 45.04,  40.3
20190125233002, 1010.70, 19.14, 44.77,  39.3
20190125234002, 1010.57, 19.14, 45.54,  40.3
20190125235002, 1010.40, 19.19, 46.09,  40.0
